#
# A fatal error has been detected by the Java Runtime Environment:
#
#  SIGSEGV (0xb) at pc=0x0000000101f3337c, pid=25917, tid=18691
#
# JRE version: Java(TM) SE Runtime Environment (7.0_51-b13) (build 1.7.0_51-b13)
# Java VM: Java HotSpot(TM) 64-Bit Server VM (24.51-b03 mixed mode bsd-amd64 compressed oops)
# Problematic frame:
# V  [libjvm.dylib+0x33337c]  jvmti_IsMethodSynthetic+0xb9
#
# Failed to write core dump. Core dumps have been disabled. To enable core dumping, try "ulimit -c unlimited" before starting Java again
#
# If you would like to submit a bug report, please visit:
#   http://bugreport.sun.com/bugreport/crash.jsp
#

---------------  T H R E A D  ---------------

Current thread (0x00007fd9a5005000):  JavaThread "JDWP Transport Listener: dt_socket" daemon [_thread_in_vm, id=18691, stack(0x0000000113426000,0x0000000113526000)]

siginfo:si_signo=SIGSEGV: si_errno=0, si_code=0 (SEGV0), si_addr=0x0000000000000000

Registers:
RAX=0x0000000000000001, RBX=0x0000000113525a8b, RCX=0x00000000000fc080, RDX=0x0000000113525a8b
RSP=0x00000001135259f0, RBP=0x0000000113525a40, RSI=0x00007fd9a5005000, RDI=0x00007fd9a1d1f5e0
R8 =0x0000000000000003, R9 =0x00007fd9a1c00000, R10=0x0000000000000030, R11=0x00007fd9a1c00000
R12=0x00007fd9a5005000, R13=0x74003b7265640003, R14=0x74003b7265640003, R15=0x00007fd9a1d1f5e0
RIP=0x0000000101f3337c, EFLAGS=0x0000000000010206, ERR=0x0000000000000000
  TRAPNO=0x000000000000000d

Top of Stack: (sp=0x00000001135259f0)
0x00000001135259f0:   00007fd9a5005000 0000000000000000
0x0000000113525a00:   0000000000000000 0000000000000000
0x0000000113525a10:   00007fd9a5005000 00007fd9a5005000
0x0000000113525a20:   0000000113525a8b 0000000113525a90
0x0000000113525a30:   74003b7265640003 0000000000000008
0x0000000113525a40:   0000000113525a60 0000000100ba71f8
0x0000000113525a50:   0000000000000001 0000000113525b08
0x0000000113525a60:   0000000113525ad0 0000000100b8c02b
0x0000000113525a70:   0000000113525aa0 00007fd9a1c47ad0
0x0000000113525a80:   0000000900000032 0000000900525b08
0x0000000113525a90:   0000000000000000 0000000000000000
0x0000000113525aa0:   0000000000000000 0000000113525c90
0x0000000113525ab0:   0000000100baedc0 00007fd9a1e41ef0
0x0000000113525ac0:   0000000113525b08 0000000100bba578
0x0000000113525ad0:   0000000113525ae0 0000000100b8c124
0x0000000113525ae0:   0000000113525d00 0000000100b956b2
0x0000000113525af0:   0000a0b100000013 00000000000f0200
0x0000000113525b00:   00007fd9a1e09320 00007fd9a1c487fe
0x0000000113525b10:   00007fd9000000ba 00007fd9a1c482d0
0x0000000113525b20:   00007fd90000012c 0000000113525b58
0x0000000113525b30:   00007fd9a1c482d0 00007f0000000000
0x0000000113525b40:   0000a0b10000001c 00007fff0000ff80
0x0000000113525b50:   0000000113525b58 d97f000009000000
0x0000000113525b60:   08000000a07324a4 3e74696e696c633c
0x0000000113525b70:   0056292803000000 0008000000000000
0x0000000113525b80:   00304825a4d97f00 7461657263180000
0x0000000113525b90:   52656c646e754265 656d657269757165
0x0000000113525ba0:   282400000073746e 616c2f6176616a4c
0x0000000113525bb0:   6e697274532f676e 6176616a4c293b67
0x0000000113525bc0:   694c2f6c6974752f 28450000003b7473
0x0000000113525bd0:   616c2f6176616a4c 6e697274532f676e
0x0000000113525be0:   6176616a4c293b67 694c2f6c6974752f 

Instructions: (pc=0x0000000101f3337c)
0x0000000101f3335c:   00 00 00 41 f6 87 68 01 00 00 10 75 07 b8 63 00
0x0000000101f3336c:   00 00 eb 7a 4d 85 f6 75 07 b8 17 00 00 00 eb 6e
0x0000000101f3337c:   4d 8b 36 48 b8 fe fe fe fe fe fe fe fe 49 39 c6
0x0000000101f3338c:   74 e7 4d 85 f6 74 e2 48 8d 05 f6 f8 4c 00 80 38 

Register to memory mapping:

RAX=0x0000000000000001 is an unknown value
RBX=0x0000000113525a8b is pointing into the stack for thread: 0x00007fd9a5005000
RCX=0x00000000000fc080 is an unknown value
RDX=0x0000000113525a8b is pointing into the stack for thread: 0x00007fd9a5005000
RSP=0x00000001135259f0 is pointing into the stack for thread: 0x00007fd9a5005000
RBP=0x0000000113525a40 is pointing into the stack for thread: 0x00007fd9a5005000
RSI=0x00007fd9a5005000 is a thread
RDI=0x00007fd9a1d1f5e0 is an unknown value
R8 =0x0000000000000003 is an unknown value
R9 =0x00007fd9a1c00000 is an unknown value
R10=0x0000000000000030 is an unknown value
R11=0x00007fd9a1c00000 is an unknown value
R12=0x00007fd9a5005000 is a thread
R13=0x74003b7265640003 is an unknown value
R14=0x74003b7265640003 is an unknown value
R15=0x00007fd9a1d1f5e0 is an unknown value


Stack: [0x0000000113426000,0x0000000113526000],  sp=0x00000001135259f0,  free space=1022k
Native frames: (J=compiled Java code, j=interpreted, Vv=VM code, C=native code)
V  [libjvm.dylib+0x33337c]  jvmti_IsMethodSynthetic+0xb9
C  [libjdwp.dylib+0x201f8]  isMethodSynthetic+0x63
C  [libjdwp.dylib+0x502b]  methods1+0x10b
C  [libjdwp.dylib+0x5124]  methodsWithGeneric+0xe
C  [libjdwp.dylib+0xe6b2]  debugLoop_run+0x1ce
C  [libjdwp.dylib+0x1f132]  attachThread+0x4d
V  [libjvm.dylib+0x373f9e]  JvmtiAgentThread::call_start_function()+0x38
V  [libjvm.dylib+0x4efb57]  JavaThread::thread_main_inner()+0x9b
V  [libjvm.dylib+0x4f125f]  JavaThread::run()+0x1a3
V  [libjvm.dylib+0x41b1d6]  java_start(Thread*)+0x126
C  [libsystem_pthread.dylib+0x3268]  _pthread_body+0x83
C  [libsystem_pthread.dylib+0x31e5]  _pthread_body+0x0
C  [libsystem_pthread.dylib+0x141d]  thread_start+0xd


---------------  P R O C E S S  ---------------

Java Threads: ( => current thread )
  0x00007fd9a20ac800 JavaThread "ReaderThread" [_thread_in_native, id=22275, stack(0x0000000113e50000,0x0000000113f50000)]
  0x00007fd9a3801000 JavaThread "Service Thread" daemon [_thread_blocked, id=21251, stack(0x0000000113935000,0x0000000113a35000)]
  0x00007fd9a4801800 JavaThread "C2 CompilerThread1" daemon [_thread_blocked, id=20739, stack(0x0000000113832000,0x0000000113932000)]
  0x00007fd9a5007800 JavaThread "C2 CompilerThread0" daemon [_thread_blocked, id=20227, stack(0x000000011372f000,0x000000011382f000)]
  0x00007fd9a5006000 JavaThread "JDWP Command Reader" daemon [_thread_in_native, id=19715, stack(0x000000011362c000,0x000000011372c000)]
  0x00007fd9a5004000 JavaThread "JDWP Event Helper Thread" daemon [_thread_blocked, id=19203, stack(0x0000000113529000,0x0000000113629000)]
=>0x00007fd9a5005000 JavaThread "JDWP Transport Listener: dt_socket" daemon [_thread_in_vm, id=18691, stack(0x0000000113426000,0x0000000113526000)]
  0x00007fd9a2029000 JavaThread "Signal Dispatcher" daemon [_thread_blocked, id=15627, stack(0x000000011331d000,0x000000011341d000)]
  0x00007fd9a2025000 JavaThread "Finalizer" daemon [_thread_blocked, id=13571, stack(0x00000001118fc000,0x00000001119fc000)]
  0x00007fd9a3036800 JavaThread "Reference Handler" daemon [_thread_blocked, id=13059, stack(0x00000001117f9000,0x00000001118f9000)]
  0x00007fd9a200f000 JavaThread "main" [_thread_blocked, id=4867, stack(0x0000000100a47000,0x0000000100b47000)]

Other Threads:
  0x00007fd9a4800000 VMThread [stack: 0x00000001116f6000,0x00000001117f6000] [id=12547]
  0x00007fd9a203a000 WatcherThread [stack: 0x0000000113a38000,0x0000000113b38000] [id=21763]

VM state:not at safepoint (normal execution)

VM Mutex/Monitor currently owned by a thread: None

Heap
 PSYoungGen      total 76800K, used 16066K [0x00000007aaa80000, 0x00000007b0000000, 0x0000000800000000)
  eden space 66048K, 24% used [0x00000007aaa80000,0x00000007aba30870,0x00000007aeb00000)
  from space 10752K, 0% used [0x00000007af580000,0x00000007af580000,0x00000007b0000000)
  to   space 10752K, 0% used [0x00000007aeb00000,0x00000007aeb00000,0x00000007af580000)
 ParOldGen       total 174592K, used 0K [0x0000000700000000, 0x000000070aa80000, 0x00000007aaa80000)
  object space 174592K, 0% used [0x0000000700000000,0x0000000700000000,0x000000070aa80000)
 PSPermGen       total 21504K, used 6631K [0x00000006fae00000, 0x00000006fc300000, 0x0000000700000000)
  object space 21504K, 30% used [0x00000006fae00000,0x00000006fb479c00,0x00000006fc300000)

Card table byte_map: [0x0000000105713000,0x0000000105f3d000] byte_map_base: 0x0000000101f3c000

Polling page: 0x0000000100b86000

Code Cache  [0x0000000102653000, 0x00000001028c3000, 0x0000000105653000)
 total_blobs=255 nmethods=32 adapters=186 free_code_cache=48657Kb largest_free_block=49794432

Compilation events (10 events):
Event: 0.345 Thread 0x00007fd9a5007800   28             java.lang.String::startsWith (7 bytes)
Event: 0.347 Thread 0x00007fd9a5007800 nmethod 28 0x00000001026c1090 code [0x00000001026c11e0, 0x00000001026c1498]
Event: 0.354 Thread 0x00007fd9a4801800   29             java.util.Arrays::fill (28 bytes)
Event: 0.355 Thread 0x00007fd9a4801800 nmethod 29 0x00000001026c8690 code [0x00000001026c87e0, 0x00000001026c8938]
Event: 0.359 Thread 0x00007fd9a5007800   30 %           com.sun.org.apache.xerces.internal.impl.io.UTF8Reader::read @ 113 (1388 bytes)
Event: 0.374 Thread 0x00007fd9a4801800   31   !         java.net.URL::<init> (543 bytes)
Event: 0.386 Thread 0x00007fd9a5007800 nmethod 30% 0x00000001026ced90 code [0x00000001026cf0e0, 0x00000001026d0e28]
Event: 0.386 Thread 0x00007fd9a5007800   32             java.lang.String::substring (79 bytes)
Event: 0.390 Thread 0x00007fd9a5007800 nmethod 32 0x00000001026c5ad0 code [0x00000001026c5c40, 0x00000001026c60d8]
Event: 0.406 Thread 0x00007fd9a4801800 nmethod 31 0x00000001026d3010 code [0x00000001026d32c0, 0x00000001026d4d28]

GC Heap History (0 events):
No events

Deoptimization events (2 events):
Event: 0.276 Thread 0x00007fd9a200f000 Uncommon trap: reason=unreached action=reinterpret pc=0x00000001026b8900 method=java.util.Properties$LineReader.readLine()I @ 97
Event: 0.312 Thread 0x00007fd9a200f000 Uncommon trap: reason=null_check action=make_not_entrant pc=0x00000001026b7808 method=java.lang.String.equals(Ljava/lang/Object;)Z @ 8

Internal exceptions (10 events):
Event: 0.380 Thread 0x00007fd9a200f000 Threw 0x00000007ab8ab0f0 at /HUDSON/workspace/7u-2-build-macosx-x86_64/jdk7u51/527/hotspot/src/share/vm/prims/jvm.cpp:1244
Event: 0.380 Thread 0x00007fd9a200f000 Threw 0x00000007ab8b5240 at /HUDSON/workspace/7u-2-build-macosx-x86_64/jdk7u51/527/hotspot/src/share/vm/prims/jvm.cpp:1244
Event: 0.384 Thread 0x00007fd9a200f000 Threw 0x00000007ab8da770 at /HUDSON/workspace/7u-2-build-macosx-x86_64/jdk7u51/527/hotspot/src/share/vm/prims/jvm.cpp:1244
Event: 0.385 Thread 0x00007fd9a200f000 Threw 0x00000007ab8ebab0 at /HUDSON/workspace/7u-2-build-macosx-x86_64/jdk7u51/527/hotspot/src/share/vm/prims/jvm.cpp:1244
Event: 0.386 Thread 0x00007fd9a200f000 Threw 0x00000007ab8fcce0 at /HUDSON/workspace/7u-2-build-macosx-x86_64/jdk7u51/527/hotspot/src/share/vm/prims/jvm.cpp:1244
Event: 0.387 Thread 0x00007fd9a200f000 Threw 0x00000007ab90f1d0 at /HUDSON/workspace/7u-2-build-macosx-x86_64/jdk7u51/527/hotspot/src/share/vm/prims/jvm.cpp:1244
Event: 0.388 Thread 0x00007fd9a200f000 Threw 0x00000007ab91fa78 at /HUDSON/workspace/7u-2-build-macosx-x86_64/jdk7u51/527/hotspot/src/share/vm/prims/jvm.cpp:1244
Event: 0.389 Thread 0x00007fd9a200f000 Threw 0x00000007ab931070 at /HUDSON/workspace/7u-2-build-macosx-x86_64/jdk7u51/527/hotspot/src/share/vm/prims/jvm.cpp:1244
Event: 0.390 Thread 0x00007fd9a200f000 Threw 0x00000007ab941df8 at /HUDSON/workspace/7u-2-build-macosx-x86_64/jdk7u51/527/hotspot/src/share/vm/prims/jvm.cpp:1244
Event: 0.391 Thread 0x00007fd9a200f000 Threw 0x00000007ab950940 at /HUDSON/workspace/7u-2-build-macosx-x86_64/jdk7u51/527/hotspot/src/share/vm/prims/jvm.cpp:1244

Events (10 events):
Event: 69.216 Executing VM operation: GetOrSetLocal
Event: 69.216 Executing VM operation: GetOrSetLocal done
Event: 69.217 Executing VM operation: GetOrSetLocal
Event: 69.217 Executing VM operation: GetOrSetLocal done
Event: 69.217 Executing VM operation: GetOrSetLocal
Event: 69.217 Executing VM operation: GetOrSetLocal done
Event: 69.217 Executing VM operation: GetOrSetLocal
Event: 69.217 Executing VM operation: GetOrSetLocal done
Event: 211.840 Executing VM operation: RedefineClasses
Event: 211.841 Executing VM operation: RedefineClasses done


Dynamic libraries:
0x0000000001cfb000 	/System/Library/Frameworks/Cocoa.framework/Versions/A/Cocoa
0x0000000001cfb000 	/System/Library/Frameworks/Security.framework/Versions/A/Security
0x0000000001cfb000 	/System/Library/Frameworks/ApplicationServices.framework/Versions/A/ApplicationServices
0x0000000001cfb000 	/usr/lib/libz.1.dylib
0x0000000001cfb000 	/usr/lib/libSystem.B.dylib
0x0000000001cfb000 	/usr/lib/libobjc.A.dylib
0x0000000001cfb000 	/System/Library/Frameworks/CoreFoundation.framework/Versions/A/CoreFoundation
0x0000000001cfb000 	/System/Library/Frameworks/Foundation.framework/Versions/C/Foundation
0x0000000001cfb000 	/System/Library/Frameworks/AppKit.framework/Versions/C/AppKit
0x0000000001cfb000 	/System/Library/Frameworks/CoreData.framework/Versions/A/CoreData
0x0000000001cfb000 	/System/Library/PrivateFrameworks/RemoteViewServices.framework/Versions/A/RemoteViewServices
0x0000000001cfb000 	/System/Library/PrivateFrameworks/UIFoundation.framework/Versions/A/UIFoundation
0x0000000001cfb000 	/System/Library/Frameworks/IOSurface.framework/Versions/A/IOSurface
0x0000000001cfb000 	/System/Library/Frameworks/AudioToolbox.framework/Versions/A/AudioToolbox
0x0000000001cfb000 	/System/Library/Frameworks/AudioUnit.framework/Versions/A/AudioUnit
0x0000000001cfb000 	/System/Library/PrivateFrameworks/DataDetectorsCore.framework/Versions/A/DataDetectorsCore
0x0000000001cfb000 	/System/Library/PrivateFrameworks/DesktopServicesPriv.framework/Versions/A/DesktopServicesPriv
0x0000000001cfb000 	/System/Library/Frameworks/Carbon.framework/Versions/A/Frameworks/HIToolbox.framework/Versions/A/HIToolbox
0x0000000001cfb000 	/System/Library/Frameworks/QuartzCore.framework/Versions/A/QuartzCore
0x0000000001cfb000 	/System/Library/Frameworks/Carbon.framework/Versions/A/Frameworks/SpeechRecognition.framework/Versions/A/SpeechRecognition
0x0000000001cfb000 	/usr/lib/libauto.dylib
0x0000000001cfb000 	/usr/lib/libicucore.A.dylib
0x0000000001cfb000 	/usr/lib/libxml2.2.dylib
0x0000000001cfb000 	/System/Library/PrivateFrameworks/CoreUI.framework/Versions/A/CoreUI
0x0000000001cfb000 	/System/Library/Frameworks/CoreAudio.framework/Versions/A/CoreAudio
0x0000000001cfb000 	/System/Library/Frameworks/DiskArbitration.framework/Versions/A/DiskArbitration
0x0000000001cfb000 	/usr/lib/liblangid.dylib
0x0000000001cfb000 	/System/Library/PrivateFrameworks/MultitouchSupport.framework/Versions/A/MultitouchSupport
0x0000000001cfb000 	/System/Library/Frameworks/IOKit.framework/Versions/A/IOKit
0x0000000001cfb000 	/usr/lib/libDiagnosticMessagesClient.dylib
0x0000000001cfb000 	/System/Library/Frameworks/CoreServices.framework/Versions/A/CoreServices
0x0000000001cfb000 	/System/Library/PrivateFrameworks/PerformanceAnalysis.framework/Versions/A/PerformanceAnalysis
0x0000000001cfb000 	/System/Library/PrivateFrameworks/GenerationalStorage.framework/Versions/A/GenerationalStorage
0x0000000001cfb000 	/System/Library/Frameworks/OpenGL.framework/Versions/A/OpenGL
0x0000000001cfb000 	/System/Library/PrivateFrameworks/Sharing.framework/Versions/A/Sharing
0x0000000001cfb000 	/System/Library/Frameworks/CoreGraphics.framework/Versions/A/CoreGraphics
0x0000000001cfb000 	/System/Library/Frameworks/CoreText.framework/Versions/A/CoreText
0x0000000001cfb000 	/System/Library/Frameworks/ImageIO.framework/Versions/A/ImageIO
0x0000000001cfb000 	/usr/lib/libextension.dylib
0x0000000001cfb000 	/System/Library/PrivateFrameworks/Backup.framework/Versions/A/Backup
0x0000000001cfb000 	/usr/lib/libarchive.2.dylib
0x0000000001cfb000 	/System/Library/Frameworks/CFNetwork.framework/Versions/A/CFNetwork
0x0000000001cfb000 	/System/Library/Frameworks/SystemConfiguration.framework/Versions/A/SystemConfiguration
0x0000000001cfb000 	/usr/lib/libCRFSuite.dylib
0x0000000001cfb000 	/usr/lib/libc++.1.dylib
0x0000000001cfb000 	/usr/lib/libc++abi.dylib
0x0000000001cfb000 	/usr/lib/system/libcache.dylib
0x0000000001cfb000 	/usr/lib/system/libcommonCrypto.dylib
0x0000000001cfb000 	/usr/lib/system/libcompiler_rt.dylib
0x0000000001cfb000 	/usr/lib/system/libcopyfile.dylib
0x0000000001cfb000 	/usr/lib/system/libcorecrypto.dylib
0x0000000001cfb000 	/usr/lib/system/libdispatch.dylib
0x0000000001cfb000 	/usr/lib/system/libdyld.dylib
0x0000000001cfb000 	/usr/lib/system/libkeymgr.dylib
0x0000000001cfb000 	/usr/lib/system/liblaunch.dylib
0x0000000001cfb000 	/usr/lib/system/libmacho.dylib
0x0000000001cfb000 	/usr/lib/system/libquarantine.dylib
0x0000000001cfb000 	/usr/lib/system/libremovefile.dylib
0x0000000001cfb000 	/usr/lib/system/libsystem_asl.dylib
0x0000000001cfb000 	/usr/lib/system/libsystem_blocks.dylib
0x0000000001cfb000 	/usr/lib/system/libsystem_c.dylib
0x0000000001cfb000 	/usr/lib/system/libsystem_configuration.dylib
0x0000000001cfb000 	/usr/lib/system/libsystem_coreservices.dylib
0x0000000001cfb000 	/usr/lib/system/libsystem_coretls.dylib
0x0000000001cfb000 	/usr/lib/system/libsystem_dnssd.dylib
0x0000000001cfb000 	/usr/lib/system/libsystem_info.dylib
0x0000000001cfb000 	/usr/lib/system/libsystem_kernel.dylib
0x0000000001cfb000 	/usr/lib/system/libsystem_m.dylib
0x0000000001cfb000 	/usr/lib/system/libsystem_malloc.dylib
0x0000000001cfb000 	/usr/lib/system/libsystem_network.dylib
0x0000000001cfb000 	/usr/lib/system/libsystem_networkextension.dylib
0x0000000001cfb000 	/usr/lib/system/libsystem_notify.dylib
0x0000000001cfb000 	/usr/lib/system/libsystem_platform.dylib
0x0000000001cfb000 	/usr/lib/system/libsystem_pthread.dylib
0x0000000001cfb000 	/usr/lib/system/libsystem_sandbox.dylib
0x0000000001cfb000 	/usr/lib/system/libsystem_secinit.dylib
0x0000000001cfb000 	/usr/lib/system/libsystem_stats.dylib
0x0000000001cfb000 	/usr/lib/system/libsystem_trace.dylib
0x0000000001cfb000 	/usr/lib/system/libunc.dylib
0x0000000001cfb000 	/usr/lib/system/libunwind.dylib
0x0000000001cfb000 	/usr/lib/system/libxpc.dylib
0x0000000001cfb000 	/usr/lib/libbz2.1.0.dylib
0x0000000001cfb000 	/usr/lib/liblzma.5.dylib
0x0000000001cfb000 	/usr/lib/libbsm.0.dylib
0x0000000001cfb000 	/usr/lib/libsqlite3.dylib
0x0000000001cfb000 	/usr/lib/system/libkxld.dylib
0x0000000001cfb000 	/usr/lib/libxar.1.dylib
0x0000000001cfb000 	/usr/lib/libpam.2.dylib
0x0000000001cfb000 	/usr/lib/libOpenScriptingUtil.dylib
0x0000000001cfb000 	/System/Library/Frameworks/CoreServices.framework/Versions/A/Frameworks/FSEvents.framework/Versions/A/FSEvents
0x0000000001cfb000 	/System/Library/Frameworks/CoreServices.framework/Versions/A/Frameworks/CarbonCore.framework/Versions/A/CarbonCore
0x0000000001cfb000 	/System/Library/Frameworks/CoreServices.framework/Versions/A/Frameworks/Metadata.framework/Versions/A/Metadata
0x0000000001cfb000 	/System/Library/Frameworks/CoreServices.framework/Versions/A/Frameworks/OSServices.framework/Versions/A/OSServices
0x0000000001cfb000 	/System/Library/Frameworks/CoreServices.framework/Versions/A/Frameworks/SearchKit.framework/Versions/A/SearchKit
0x0000000001cfb000 	/System/Library/Frameworks/CoreServices.framework/Versions/A/Frameworks/AE.framework/Versions/A/AE
0x0000000001cfb000 	/System/Library/Frameworks/CoreServices.framework/Versions/A/Frameworks/LaunchServices.framework/Versions/A/LaunchServices
0x0000000001cfb000 	/System/Library/Frameworks/CoreServices.framework/Versions/A/Frameworks/DictionaryServices.framework/Versions/A/DictionaryServices
0x0000000001cfb000 	/System/Library/Frameworks/NetFS.framework/Versions/A/NetFS
0x0000000001cfb000 	/System/Library/PrivateFrameworks/NetAuth.framework/Versions/A/NetAuth
0x0000000001cfb000 	/System/Library/PrivateFrameworks/login.framework/Versions/A/Frameworks/loginsupport.framework/Versions/A/loginsupport
0x0000000001cfb000 	/System/Library/PrivateFrameworks/TCC.framework/Versions/A/TCC
0x0000000001cfb000 	/usr/lib/libmecabra.dylib
0x0000000001cfb000 	/System/Library/Frameworks/ApplicationServices.framework/Versions/A/Frameworks/ATS.framework/Versions/A/ATS
0x0000000001cfb000 	/System/Library/Frameworks/ApplicationServices.framework/Versions/A/Frameworks/ColorSync.framework/Versions/A/ColorSync
0x0000000001cfb000 	/System/Library/Frameworks/ApplicationServices.framework/Versions/A/Frameworks/HIServices.framework/Versions/A/HIServices
0x0000000001cfb000 	/System/Library/Frameworks/ApplicationServices.framework/Versions/A/Frameworks/LangAnalysis.framework/Versions/A/LangAnalysis
0x0000000001cfb000 	/System/Library/Frameworks/ApplicationServices.framework/Versions/A/Frameworks/PrintCore.framework/Versions/A/PrintCore
0x0000000001cfb000 	/System/Library/Frameworks/ApplicationServices.framework/Versions/A/Frameworks/QD.framework/Versions/A/QD
0x0000000001cfb000 	/System/Library/Frameworks/ApplicationServices.framework/Versions/A/Frameworks/SpeechSynthesis.framework/Versions/A/SpeechSynthesis
0x0000000001cfb000 	/System/Library/Frameworks/Accelerate.framework/Versions/A/Accelerate
0x0000000001cfb000 	/System/Library/Frameworks/Accelerate.framework/Versions/A/Frameworks/vImage.framework/Versions/A/vImage
0x0000000001cfb000 	/System/Library/Frameworks/Accelerate.framework/Versions/A/Frameworks/vecLib.framework/Versions/A/vecLib
0x0000000001cfb000 	/System/Library/Frameworks/Accelerate.framework/Versions/A/Frameworks/vecLib.framework/Versions/A/libvDSP.dylib
0x0000000001cfb000 	/System/Library/Frameworks/Accelerate.framework/Versions/A/Frameworks/vecLib.framework/Versions/A/libvMisc.dylib
0x0000000001cfb000 	/System/Library/Frameworks/Accelerate.framework/Versions/A/Frameworks/vecLib.framework/Versions/A/libLAPACK.dylib
0x0000000001cfb000 	/System/Library/Frameworks/Accelerate.framework/Versions/A/Frameworks/vecLib.framework/Versions/A/libBLAS.dylib
0x0000000001cfb000 	/System/Library/Frameworks/Accelerate.framework/Versions/A/Frameworks/vecLib.framework/Versions/A/libLinearAlgebra.dylib
0x0000000001cfb000 	/System/Library/Frameworks/ApplicationServices.framework/Versions/A/Frameworks/ATS.framework/Versions/A/Resources/libFontParser.dylib
0x0000000001cfb000 	/System/Library/Frameworks/ApplicationServices.framework/Versions/A/Frameworks/ATS.framework/Versions/A/Resources/libFontRegistry.dylib
0x0000000001cfb000 	/System/Library/PrivateFrameworks/AppleVPA.framework/Versions/A/AppleVPA
0x0000000001cfb000 	/System/Library/PrivateFrameworks/AppleJPEG.framework/Versions/A/AppleJPEG
0x0000000001cfb000 	/System/Library/Frameworks/ImageIO.framework/Versions/A/Resources/libJPEG.dylib
0x0000000001cfb000 	/System/Library/Frameworks/ImageIO.framework/Versions/A/Resources/libTIFF.dylib
0x0000000001cfb000 	/System/Library/Frameworks/ImageIO.framework/Versions/A/Resources/libPng.dylib
0x0000000001cfb000 	/System/Library/Frameworks/ImageIO.framework/Versions/A/Resources/libGIF.dylib
0x0000000001cfb000 	/System/Library/Frameworks/ImageIO.framework/Versions/A/Resources/libJP2.dylib
0x0000000001cfb000 	/System/Library/Frameworks/ImageIO.framework/Versions/A/Resources/libRadiance.dylib
0x0000000001cfb000 	/System/Library/Frameworks/CoreVideo.framework/Versions/A/CoreVideo
0x0000000001cfb000 	/System/Library/Frameworks/OpenGL.framework/Versions/A/Libraries/libGLU.dylib
0x0000000001cfb000 	/System/Library/Frameworks/OpenGL.framework/Versions/A/Libraries/libGFXShared.dylib
0x0000000001cfb000 	/System/Library/Frameworks/OpenGL.framework/Versions/A/Libraries/libGL.dylib
0x0000000001cfb000 	/System/Library/Frameworks/OpenGL.framework/Versions/A/Libraries/libGLImage.dylib
0x0000000001cfb000 	/System/Library/Frameworks/OpenGL.framework/Versions/A/Libraries/libCVMSPluginSupport.dylib
0x0000000001cfb000 	/System/Library/Frameworks/OpenGL.framework/Versions/A/Libraries/libCoreVMClient.dylib
0x0000000001cfb000 	/usr/lib/libcups.2.dylib
0x0000000001cfb000 	/System/Library/Frameworks/Kerberos.framework/Versions/A/Kerberos
0x0000000001cfb000 	/System/Library/Frameworks/GSS.framework/Versions/A/GSS
0x0000000001cfb000 	/usr/lib/libresolv.9.dylib
0x0000000001cfb000 	/usr/lib/libiconv.2.dylib
0x0000000001cfb000 	/System/Library/PrivateFrameworks/Heimdal.framework/Versions/A/Heimdal
0x0000000001cfb000 	/usr/lib/libheimdal-asn1.dylib
0x0000000001cfb000 	/System/Library/Frameworks/OpenDirectory.framework/Versions/A/OpenDirectory
0x0000000001cfb000 	/System/Library/PrivateFrameworks/CommonAuth.framework/Versions/A/CommonAuth
0x0000000001cfb000 	/System/Library/Frameworks/OpenDirectory.framework/Versions/A/Frameworks/CFOpenDirectory.framework/Versions/A/CFOpenDirectory
0x0000000001cfb000 	/System/Library/Frameworks/SecurityFoundation.framework/Versions/A/SecurityFoundation
0x0000000001cfb000 	/System/Library/PrivateFrameworks/LanguageModeling.framework/Versions/A/LanguageModeling
0x0000000001cfb000 	/usr/lib/libcmph.dylib
0x0000000001cfb000 	/System/Library/Frameworks/ServiceManagement.framework/Versions/A/ServiceManagement
0x0000000001cfb000 	/usr/lib/libxslt.1.dylib
0x0000000001cfb000 	/System/Library/Frameworks/Carbon.framework/Versions/A/Frameworks/Ink.framework/Versions/A/Ink
0x0000000001cfb000 	/System/Library/Frameworks/QuartzCore.framework/Versions/A/Frameworks/CoreImage.framework/Versions/A/CoreImage
0x0000000001cfb000 	/System/Library/PrivateFrameworks/CrashReporterSupport.framework/Versions/A/CrashReporterSupport
0x0000000001cfb000 	/System/Library/Frameworks/OpenCL.framework/Versions/A/OpenCL
0x0000000001cfb000 	/System/Library/PrivateFrameworks/FaceCore.framework/Versions/A/FaceCore
0x0000000001cfb000 	/System/Library/PrivateFrameworks/Ubiquity.framework/Versions/A/Ubiquity
0x0000000001cfb000 	/System/Library/PrivateFrameworks/IconServices.framework/Versions/A/IconServices
0x0000000001cfb000 	/System/Library/PrivateFrameworks/ChunkingLibrary.framework/Versions/A/ChunkingLibrary
0x0000000001cfb000 	/System/Library/PrivateFrameworks/Apple80211.framework/Versions/A/Apple80211
0x0000000001cfb000 	/System/Library/Frameworks/CoreWLAN.framework/Versions/A/CoreWLAN
0x0000000001cfb000 	/System/Library/Frameworks/IOBluetooth.framework/Versions/A/IOBluetooth
0x0000000001cfb000 	/System/Library/PrivateFrameworks/CoreWiFi.framework/Versions/A/CoreWiFi
0x0000000001cfb000 	/System/Library/Frameworks/CoreBluetooth.framework/Versions/A/CoreBluetooth
0x0000000001cfb000 	/System/Library/PrivateFrameworks/DebugSymbols.framework/Versions/A/DebugSymbols
0x0000000001cfb000 	/System/Library/PrivateFrameworks/CoreSymbolication.framework/Versions/A/CoreSymbolication
0x0000000001cfb000 	/System/Library/PrivateFrameworks/Symbolication.framework/Versions/A/Symbolication
0x0000000001cfb000 	/System/Library/PrivateFrameworks/SpeechRecognitionCore.framework/Versions/A/SpeechRecognitionCore
0x0000000101c00000 	/Library/Java/JavaVirtualMachines/jdk1.7.0_51.jdk/Contents/Home/jre/lib/server/libjvm.dylib
0x0000000001cfb000 	/usr/lib/libstdc++.6.dylib
0x0000000100b49000 	/Library/Java/JavaVirtualMachines/jdk1.7.0_51.jdk/Contents/Home/jre/lib/libverify.dylib
0x0000000100b56000 	/Library/Java/JavaVirtualMachines/jdk1.7.0_51.jdk/Contents/Home/jre/lib/libjava.dylib
0x0000000100b87000 	/Library/Java/JavaVirtualMachines/jdk1.7.0_51.jdk/Contents/Home/jre/lib/libjdwp.dylib
0x0000000100bc4000 	/Library/Java/JavaVirtualMachines/jdk1.7.0_51.jdk/Contents/Home/jre/lib/libnpt.dylib
0x0000000100bd1000 	/Library/Java/JavaVirtualMachines/jdk1.7.0_51.jdk/Contents/Home/jre/lib/libzip.dylib
0x00000001119fe000 	/System/Library/Frameworks/JavaVM.framework/Frameworks/JavaRuntimeSupport.framework/JavaRuntimeSupport
0x0000000111a16000 	/System/Library/Frameworks/JavaVM.framework/Versions/A/Frameworks/JavaNativeFoundation.framework/Versions/A/JavaNativeFoundation
0x0000000111a2b000 	/System/Library/Frameworks/JavaVM.framework/Versions/A/JavaVM
0x0000000001cfb000 	/System/Library/Frameworks/Carbon.framework/Versions/A/Carbon
0x0000000111a38000 	/System/Library/PrivateFrameworks/JavaLaunching.framework/Versions/A/JavaLaunching
0x0000000001cfb000 	/System/Library/Frameworks/Carbon.framework/Versions/A/Frameworks/CommonPanels.framework/Versions/A/CommonPanels
0x0000000001cfb000 	/System/Library/Frameworks/Carbon.framework/Versions/A/Frameworks/Help.framework/Versions/A/Help
0x0000000001cfb000 	/System/Library/Frameworks/Carbon.framework/Versions/A/Frameworks/ImageCapture.framework/Versions/A/ImageCapture
0x0000000001cfb000 	/System/Library/Frameworks/Carbon.framework/Versions/A/Frameworks/OpenScripting.framework/Versions/A/OpenScripting
0x0000000001cfb000 	/System/Library/Frameworks/Carbon.framework/Versions/A/Frameworks/Print.framework/Versions/A/Print
0x0000000001cfb000 	/System/Library/Frameworks/Carbon.framework/Versions/A/Frameworks/SecurityHI.framework/Versions/A/SecurityHI
0x000000011341f000 	/Library/Java/JavaVirtualMachines/jdk1.7.0_51.jdk/Contents/Home/jre/lib/libdt_socket.dylib
0x0000000113df2000 	/Library/Java/JavaVirtualMachines/jdk1.7.0_51.jdk/Contents/Home/jre/lib/libnet.dylib

VM Arguments:
jvm_args: -agentlib:jdwp=transport=dt_socket,suspend=y,address=localhost:53431 -Dfile.encoding=UTF-8 
java_command: org.eclipse.jdt.internal.junit.runner.RemoteTestRunner -version 3 -port 53430 -testLoaderClass org.eclipse.jdt.internal.junit.runner.junit3.JUnit3TestLoader -loaderpluginname org.eclipse.jdt.junit.runtime -test biz.aQute.resolve.internal.ResolveTest:testResolveWithProfile
Launcher Type: SUN_STANDARD

Environment Variables:
PATH=/usr/bin:/bin:/usr/sbin:/sbin
SHELL=/bin/bash
DISPLAY=/private/tmp/com.apple.launchd.jr4Y94hSdi/org.macosforge.xquartz:0

Signal Handlers:
SIGSEGV: [libjvm.dylib+0x525425], sa_mask[0]=0xfffefeff, sa_flags=0x00000043
SIGBUS: [libjvm.dylib+0x525425], sa_mask[0]=0xfffefeff, sa_flags=0x00000042
SIGFPE: [libjvm.dylib+0x41892a], sa_mask[0]=0xfffefeff, sa_flags=0x00000042
SIGPIPE: [libjvm.dylib+0x41892a], sa_mask[0]=0xfffefeff, sa_flags=0x00000042
SIGXFSZ: [libjvm.dylib+0x41892a], sa_mask[0]=0xfffefeff, sa_flags=0x00000042
SIGILL: [libjvm.dylib+0x41892a], sa_mask[0]=0xfffefeff, sa_flags=0x00000042
SIGUSR1: SIG_DFL, sa_mask[0]=0x00000000, sa_flags=0x00000000
SIGUSR2: [libjvm.dylib+0x41841c], sa_mask[0]=0x00000004, sa_flags=0x00000042
SIGHUP: [libjvm.dylib+0x4166ab], sa_mask[0]=0xfffefeff, sa_flags=0x00000042
SIGINT: [libjvm.dylib+0x4166ab], sa_mask[0]=0xfffefeff, sa_flags=0x00000042
SIGTERM: [libjvm.dylib+0x4166ab], sa_mask[0]=0xfffefeff, sa_flags=0x00000042
SIGQUIT: [libjvm.dylib+0x4166ab], sa_mask[0]=0xfffefeff, sa_flags=0x00000042


---------------  S Y S T E M  ---------------

OS:Bsduname:Darwin 14.4.0 Darwin Kernel Version 14.4.0: Thu May 28 11:35:04 PDT 2015; root:xnu-2782.30.5~1/RELEASE_X86_64 x86_64
rlimit: STACK 8192k, CORE 0k, NPROC 709, NOFILE 10240, AS infinity
load average:2.44 1.82 1.74

CPU:total 8 (4 cores per cpu, 2 threads per core) family 6 model 70 stepping 1, cmov, cx8, fxsr, mmx, sse, sse2, sse3, ssse3, sse4.1, sse4.2, popcnt, avx, avx2, aes, erms, ht, tsc, tscinvbit

Memory: 4k page, physical 16777216k(4194304k free)

/proc/meminfo:


vm_info: Java HotSpot(TM) 64-Bit Server VM (24.51-b03) for bsd-amd64 JRE (1.7.0_51-b13), built on Dec 18 2013 18:45:56 by "java_re" with gcc 4.2.1 (Based on Apple Inc. build 5658) (LLVM build 2336.11.00)

time: Wed Aug  5 16:08:53 2015
elapsed time: 211 seconds

