!SESSION 2010-05-06 01:27:49.818 -----------------------------------------------
eclipse.buildId=M20100211-1343
java.version=1.6.0_15
java.vendor=Apple Inc.
BootLoader constants: OS=macosx, ARCH=x86_64, WS=carbon, NL=en_GB
Framework arguments:  -application org.eclipse.equinox.p2.publisher.CategoryPublisher -metadataRepository file:/Users/neil/Workspaces/TrainingTools/cnf/p2out -categoryDefinition file:/Users/neil/Workspaces/TrainingTools/cnf/category.xml
Command-line arguments:  -application org.eclipse.equinox.p2.publisher.CategoryPublisher -metadataRepository file:/Users/neil/Workspaces/TrainingTools/cnf/p2out -categoryDefinition file:/Users/neil/Workspaces/TrainingTools/cnf/category.xml

!ENTRY org.eclipse.equinox.p2.repository 4 0 2010-05-06 01:27:52.081
!MESSAGE ProvisioningEventBus could not be obtained. Metadata caches may not be cleaned up properly.

!ENTRY org.eclipse.equinox.app 4 0 2010-05-06 01:27:52.349
!MESSAGE 
!STACK 0
java.lang.IllegalArgumentException
	at org.eclipse.equinox.internal.provisional.p2.core.VersionParser.parseInto(VersionParser.java:71)
	at org.eclipse.equinox.internal.provisional.p2.core.Version.<init>(Version.java:266)
	at org.eclipse.equinox.internal.p2.updatesite.SiteXMLAction.getFeatureIU(SiteXMLAction.java:124)
	at org.eclipse.equinox.internal.p2.updatesite.SiteXMLAction.generateCategories(SiteXMLAction.java:100)
	at org.eclipse.equinox.internal.p2.updatesite.SiteXMLAction.perform(SiteXMLAction.java:90)
	at org.eclipse.equinox.internal.p2.updatesite.CategoryXMLAction.perform(CategoryXMLAction.java:36)
	at org.eclipse.equinox.p2.publisher.Publisher.publish(Publisher.java:172)
	at org.eclipse.equinox.p2.publisher.AbstractPublisherApplication.run(AbstractPublisherApplication.java:291)
	at org.eclipse.equinox.p2.publisher.AbstractPublisherApplication.run(AbstractPublisherApplication.java:261)
	at org.eclipse.equinox.p2.publisher.AbstractPublisherApplication.start(AbstractPublisherApplication.java:322)
	at org.eclipse.equinox.internal.app.EclipseAppHandle.run(EclipseAppHandle.java:194)
	at org.eclipse.equinox.internal.app.AnyThreadAppLauncher.run(AnyThreadAppLauncher.java:26)
	at java.lang.Thread.run(Thread.java:637)
